<?xml version="1.0" encoding="UTF-8"?>
<!-- Generated by org.testng.reporters.JUnitReportReporter -->
<testsuite hostname="DSs-MacBook-Pro" failures="0" tests="5" name="com.salesforce.tests.LeadsTest" time="62.755" errors="0" timestamp="2022-02-07T09:01:46 PST" skipped="0">
  <testcase classname="com.salesforce.tests.LeadsTest" name="leadsSelectView_TC21" time="8.707"/>
  <system-out/>
  <testcase classname="com.salesforce.tests.LeadsTest" name="checkLeadsTab_TC20" time="8.682"/>
  <system-out/>
  <testcase classname="com.salesforce.tests.LeadsTest" name="defaultView_TC22" time="19.825"/>
  <system-out/>
  <testcase classname="com.salesforce.tests.LeadsTest" name="newLeads_TC24" time="13.470"/>
  <system-out/>
  <testcase classname="com.salesforce.tests.LeadsTest" name="todayView_TC23" time="12.071"/>
  <system-out/>
</testsuite> <!-- com.salesforce.tests.LeadsTest -->
