<?xml version="1.0" encoding="UTF-8"?>
<!-- Generated by org.testng.reporters.JUnitReportReporter -->
<testsuite hostname="DSs-MacBook-Pro" failures="0" tests="8" name="com.salesforce.tests.ContactsTest" time="107.904" errors="0" timestamp="2022-02-07T09:01:46 PST" skipped="0">
  <testcase classname="com.salesforce.tests.ContactsTest" name="cancelView_TC31" time="16.373"/>
  <system-out/>
  <testcase classname="com.salesforce.tests.ContactsTest" name="saveNew_View_TC32" time="16.431"/>
  <system-out/>
  <testcase classname="com.salesforce.tests.ContactsTest" name="contactPage_TC29" time="9.465"/>
  <system-out/>
  <testcase classname="com.salesforce.tests.ContactsTest" name="checkError_TC30" time="13.184"/>
  <system-out/>
  <testcase classname="com.salesforce.tests.ContactsTest" name="createNewContact_TC25" time="18.816"/>
  <system-out/>
  <testcase classname="com.salesforce.tests.ContactsTest" name="myContactView_TC28" time="8.500"/>
  <system-out/>
  <testcase classname="com.salesforce.tests.ContactsTest" name="recentContact_TC27" time="8.719"/>
  <system-out/>
  <testcase classname="com.salesforce.tests.ContactsTest" name="newContactView_TC26" time="16.416"/>
  <system-out/>
</testsuite> <!-- com.salesforce.tests.ContactsTest -->
