<?xml version="1.0" encoding="UTF-8"?>
<!-- Generated by org.testng.reporters.JUnitReportReporter -->
<testsuite hostname="DSs-MacBook-Pro" failures="0" tests="5" name="com.salesforce.tests.OpportunityTest" time="59.995" errors="0" timestamp="2022-02-07T09:01:46 PST" skipped="0">
  <testcase classname="com.salesforce.tests.OpportunityTest" name="stuckOptyReport_TC18" time="9.498"/>
  <system-out/>
  <testcase classname="com.salesforce.tests.OpportunityTest" name="createOpty_TC16" time="21.115"/>
  <system-out/>
  <testcase classname="com.salesforce.tests.OpportunityTest" name="checkOpportunityMenu_TC15" time="8.703"/>
  <system-out/>
  <testcase classname="com.salesforce.tests.OpportunityTest" name="optyPipelineReport_TC17" time="9.433"/>
  <system-out/>
  <testcase classname="com.salesforce.tests.OpportunityTest" name="qrtSummaryReport_TC19" time="11.246"/>
  <system-out/>
</testsuite> <!-- com.salesforce.tests.OpportunityTest -->
