<?xml version="1.0" encoding="UTF-8"?>
<!-- Generated by org.testng.reporters.JUnitReportReporter -->
<testsuite hostname="DSs-MacBook-Pro" failures="0" tests="5" name="com.salesforce.tests.RandomScenariosTest" time="18.813" errors="0" timestamp="2022-02-07T12:19:19 PST" skipped="4">
  <testcase classname="com.salesforce.tests.RandomScenariosTest" name="TC37" time="18.813"/>
  <system-out/>
  <testcase classname="com.salesforce.tests.RandomScenariosTest" name="blockingEventTC36">
    <skipped/>
  </testcase> <!-- blockingEventTC36 -->
  <system-out/>
  <testcase classname="com.salesforce.tests.RandomScenariosTest" name="verifyLastNameTC34">
    <skipped/>
  </testcase> <!-- verifyLastNameTC34 -->
  <system-out/>
  <testcase classname="com.salesforce.tests.RandomScenariosTest" name="verifyNameHomeTabTC33">
    <skipped/>
  </testcase> <!-- verifyNameHomeTabTC33 -->
  <system-out/>
  <testcase classname="com.salesforce.tests.RandomScenariosTest" name="verifyTabCustomiTC35">
    <skipped/>
  </testcase> <!-- verifyTabCustomiTC35 -->
  <system-out/>
</testsuite> <!-- com.salesforce.tests.RandomScenariosTest -->
