<?xml version="1.0" encoding="UTF-8"?>
<!-- Generated by org.testng.reporters.JUnitReportReporter -->
<testsuite hostname="DSs-MacBook-Pro" failures="0" tests="5" name="com.salesforce.tests.SFLoginTest" time="24.657" errors="0" timestamp="2022-02-09T18:14:48 PST" skipped="0">
  <testcase classname="com.salesforce.tests.SFLoginTest" name="forgotPassword_TC04B" time="2.682"/>
  <system-out/>
  <testcase classname="com.salesforce.tests.SFLoginTest" name="loginRememberMe_TC03" time="8.333"/>
  <system-out/>
  <testcase classname="com.salesforce.tests.SFLoginTest" name="testLoginWithCredentials_TC02" time="7.706"/>
  <system-out/>
  <testcase classname="com.salesforce.tests.SFLoginTest" name="forgotPassword_TC04A" time="2.986"/>
  <system-out/>
  <testcase classname="com.salesforce.tests.SFLoginTest" name="testloginError_TC01" time="2.950"/>
  <system-out/>
</testsuite> <!-- com.salesforce.tests.SFLoginTest -->
