<?xml version="1.0" encoding="UTF-8"?>
<!-- Generated by org.testng.reporters.JUnitReportReporter -->
<testsuite hostname="DSs-MacBook-Pro" failures="0" tests="5" name="com.salesforce.tests.SFLoginTest" time="32.982" errors="0" timestamp="2022-02-07T16:12:38 PST" skipped="0">
  <testcase classname="com.salesforce.tests.SFLoginTest" name="testloginError_TC01" time="3.835"/>
  <system-out/>
  <testcase classname="com.salesforce.tests.SFLoginTest" name="testLoginWithCredentials_TC02" time="12.067"/>
  <system-out/>
  <testcase classname="com.salesforce.tests.SFLoginTest" name="forgotPassword_TC04A" time="3.771"/>
  <system-out/>
  <testcase classname="com.salesforce.tests.SFLoginTest" name="forgotPassword_TC04B" time="3.799"/>
  <system-out/>
  <testcase classname="com.salesforce.tests.SFLoginTest" name="loginRememberMe_TC03" time="9.510"/>
  <system-out/>
</testsuite> <!-- com.salesforce.tests.SFLoginTest -->
